#-----------------------------------------------------------
# Vivado v2018.2 (64-bit)
# SW Build 2258646 on Thu Jun 14 20:03:12 MDT 2018
# IP Build 2256618 on Thu Jun 14 22:10:49 MDT 2018
# Start of session at: Mon Nov 26 21:55:25 2018
# Process ID: 1124
# Current directory: C:/Users/shree/OneDrive/Desktop/New folder/creeping
# Command line: vivado.exe -gui_launcher_event rodinguilauncherevent5296 C:\Users\shree\OneDrive\Desktop\New folder\creeping\creeping.xpr
# Log file: C:/Users/shree/OneDrive/Desktop/New folder/creeping/vivado.log
# Journal file: C:/Users/shree/OneDrive/Desktop/New folder/creeping\vivado.jou
#-----------------------------------------------------------
start_gui
open_project {C:/Users/shree/OneDrive/Desktop/New folder/creeping/creeping.xpr}
INFO: [Project 1-313] Project file moved from 'C:/Users/shree/OneDrive/Desktop/LABS/vhdl/myproject/creeping' since last save.
WARNING: [Project 1-312] File not found as 'C:/Users/shree/OneDrive/Desktop/New folder/shree/Nexys4DDR_Master.xdc'; using path 'C:/Users/shree/OneDrive/Desktop/LABS/vhdl/myproject/shree/Nexys4DDR_Master.xdc' instead.
Scanning sources...
Finished scanning sources
WARNING: [Project 1-312] File not found as 'C:/Users/shree/OneDrive/Desktop/New folder/shree/Nexys4DDR_Master.xdc'; using path 'C:/Users/shree/OneDrive/Desktop/LABS/vhdl/myproject/shree/Nexys4DDR_Master.xdc' instead.
WARNING: [Project 1-312] File not found as 'C:/Users/shree/OneDrive/Desktop/New folder/shree/Nexys4DDR_Master.xdc'; using path 'C:/Users/shree/OneDrive/Desktop/LABS/vhdl/myproject/shree/Nexys4DDR_Master.xdc' instead.
INFO: [IP_Flow 19-234] Refreshing IP repositories
INFO: [IP_Flow 19-1704] No user IP repositories specified
INFO: [IP_Flow 19-2313] Loaded Vivado IP repository 'C:/Xilinx/Vivado/2018.2/data/ip'.
open_project: Time (s): cpu = 00:00:23 ; elapsed = 00:00:15 . Memory (MB): peak = 712.008 ; gain = 65.930
update_compile_order -fileset sources_1
launch_simulation
INFO: [Vivado 12-5682] Launching behavioral simulation in 'C:/Users/shree/OneDrive/Desktop/New folder/creeping/creeping.sim/sim_1/behav/xsim'
INFO: [SIM-utils-51] Simulation object is 'sim_1'
INFO: [SIM-utils-54] Inspecting design source files for 'tb' in fileset 'sim_1'...
INFO: [USF-XSim-97] Finding global include files...
INFO: [USF-XSim-98] Fetching design files from 'sim_1'...
INFO: [USF-XSim-2] XSim::Compile design
INFO: [USF-XSim-61] Executing 'COMPILE and ANALYZE' step in 'C:/Users/shree/OneDrive/Desktop/New folder/creeping/creeping.sim/sim_1/behav/xsim'
"xvhdl --incr --relax -prj tb_vhdl.prj"
INFO: [VRFC 10-163] Analyzing VHDL file "C:/Users/shree/OneDrive/Desktop/New folder/creeping/creeping.srcs/sources_1/new/decoder.vhd" into library xil_defaultlib
INFO: [VRFC 10-307] analyzing entity decoder
INFO: [VRFC 10-163] Analyzing VHDL file "C:/Users/shree/OneDrive/Desktop/New folder/creeping/creeping.srcs/sim_1/new/tb.vhd" into library xil_defaultlib
INFO: [VRFC 10-307] analyzing entity tb
INFO: [USF-XSim-69] 'compile' step finished in '3' seconds
INFO: [USF-XSim-3] XSim::Elaborate design
INFO: [USF-XSim-61] Executing 'ELABORATE' step in 'C:/Users/shree/OneDrive/Desktop/New folder/creeping/creeping.sim/sim_1/behav/xsim'
Vivado Simulator 2018.2
Copyright 1986-1999, 2001-2018 Xilinx, Inc. All Rights Reserved.
Running: C:/Xilinx/Vivado/2018.2/bin/unwrapped/win64.o/xelab.exe -wto 4b27a2eb10b84844a8935c88ef6b526e --incr --debug typical --relax --mt 2 -L xil_defaultlib -L secureip --snapshot tb_behav xil_defaultlib.tb -log elaborate.log 
Using 2 slave threads.
Starting static elaboration
Completed static elaboration
Starting simulation data flow analysis
Completed simulation data flow analysis
Time Resolution for simulation is 1ps
Compiling package std.standard
Compiling package std.textio
Compiling package ieee.std_logic_1164
Compiling package ieee.numeric_std
Compiling architecture behavioral of entity xil_defaultlib.decoder [decoder_default]
Compiling architecture behavioral of entity xil_defaultlib.tb
Built simulation snapshot tb_behav

****** Webtalk v2018.2 (64-bit)
  **** SW Build 2258646 on Thu Jun 14 20:03:12 MDT 2018
  **** IP Build 2256618 on Thu Jun 14 22:10:49 MDT 2018
    ** Copyright 1986-2018 Xilinx, Inc. All Rights Reserved.

source C:/Users/shree/OneDrive/Desktop/New -notrace
invalid command name "%"
    while executing
"% Total    % Received % Xferd  Average Speed   Time    Time     Time  Current"
    (file "C:/Users/shree/OneDrive/Desktop/New" line 1)
INFO: [Common 17-206] Exiting Webtalk at Mon Nov 26 21:57:10 2018...
run_program: Time (s): cpu = 00:00:01 ; elapsed = 00:00:07 . Memory (MB): peak = 741.902 ; gain = 0.000
INFO: [USF-XSim-69] 'elaborate' step finished in '7' seconds
INFO: [USF-XSim-4] XSim::Simulate design
INFO: [USF-XSim-61] Executing 'SIMULATE' step in 'C:/Users/shree/OneDrive/Desktop/New folder/creeping/creeping.sim/sim_1/behav/xsim'
INFO: [USF-XSim-98] *** Running xsim
   with args "tb_behav -key {Behavioral:sim_1:Functional:tb} -tclbatch {tb.tcl} -log {simulate.log}"
INFO: [USF-XSim-8] Loading simulator feature
Vivado Simulator 2018.2
Time resolution is 1 ps
source tb.tcl
# set curr_wave [current_wave_config]
# if { [string length $curr_wave] == 0 } {
#   if { [llength [get_objects]] > 0} {
#     add_wave /
#     set_property needs_save false [current_wave_config]
#   } else {
#      send_msg_id Add_Wave-1 WARNING "No top level signals found. Simulator will start without a wave window. If you want to open a wave window go to 'File->New Waveform Configuration' or type 'create_wave_config' in the TCL console."
#   }
# }
# run 1000ns
INFO: [USF-XSim-96] XSim completed. Design snapshot 'tb_behav' loaded.
INFO: [USF-XSim-97] XSim simulation ran for 1000ns
launch_simulation: Time (s): cpu = 00:00:11 ; elapsed = 00:00:16 . Memory (MB): peak = 747.375 ; gain = 5.473
run all
run: Time (s): cpu = 00:00:14 ; elapsed = 00:00:10 . Memory (MB): peak = 753.625 ; gain = 3.789
archive_project {C:/Users/shree/OneDrive/Desktop/New folder/creeping.xpr.zip} -temp_dir {C:/Users/shree/OneDrive/Desktop/New folder/creeping/.Xil/Vivado-1124-DESKTOP-4RUUH2K} -force -exclude_run_results
INFO: [Coretcl 2-137] starting archive...
INFO: [Coretcl 2-1499] Saving project copy to temporary location 'C:/Users/shree/OneDrive/Desktop/New folder/creeping/.Xil/Vivado-1124-DESKTOP-4RUUH2K' for archiving project
Scanning sources...
Finished scanning sources
INFO: [Coretcl 2-1211] Creating project copy for archival...
INFO: [ProjectBase 1-495] The host OS only allows 260 characters in a normal path. The project is stored in a path with more than 80 characters. If you experience any problem with archiving the project, please consider setting environment variable $TEMP to a shorter path.
Current project path is 'C:/Users/shree/OneDrive/Desktop/New folder/creeping/.Xil/Vivado-1124-DESKTOP-4RUUH2K/PrjAr/_X_'.
INFO: [Coretcl 2-135] resetting runs for excluding generated files from archive...
WARNING: [Coretcl 2-105] Run 'synth_1' is currently active
INFO: [Coretcl 2-133] re-setting run 'synth_1'...
INFO: [Coretcl 2-133] re-setting run 'impl_1'...
INFO: [Coretcl 2-1212] Importing remotely added design sources and verilog include files (if any)...
INFO: [filemgmt 20-348] Importing the appropriate files for fileset: 'constrs_1'
INFO: [filemgmt 20-334] All file(s) are already imported in fileset: 'sim_1'
INFO: [filemgmt 20-348] Importing the appropriate files for fileset: 'sim_1'
INFO: [filemgmt 20-334] All file(s) are already imported in fileset: 'sources_1'
INFO: [filemgmt 20-348] Importing the appropriate files for fileset: 'sources_1'
INFO: [Coretcl 2-1209] Adding archive summary file to the project...
INFO: [Coretcl 2-1214] Preparing project files for archive...
INFO: [Coretcl 2-1210] Compressing project files and data...
INFO: [Coretcl 2-1215] Project archived (C:/Users/shree/OneDrive/Desktop/New folder/creeping.xpr.zip)
INFO: [Coretcl 2-1216] To view the archive summary log in GUI, double click on 'Design Sources->Text->archive_project_summary.txt', or open this file from the archived project directory.
archive_project: Time (s): cpu = 00:00:07 ; elapsed = 00:00:24 . Memory (MB): peak = 760.125 ; gain = 1.008
close_sim
INFO: [Simtcl 6-16] Simulation closed
close_sim: Time (s): cpu = 00:00:04 ; elapsed = 00:00:08 . Memory (MB): peak = 765.348 ; gain = 0.000
exit
INFO: [Common 17-206] Exiting Vivado at Tue Nov 27 00:51:30 2018...
