#-----------------------------------------------------------
# Vivado v2018.2 (64-bit)
# SW Build 2258646 on Thu Jun 14 20:03:12 MDT 2018
# IP Build 2256618 on Thu Jun 14 22:10:49 MDT 2018
# Start of session at: Wed Nov  7 17:55:40 2018
# Process ID: 3772
# Current directory: G:/creeping lines/creeping_line1/project_1
# Command line: vivado.exe -gui_launcher_event rodinguilauncherevent5608 G:\creeping lines\creeping_line1\project_1\project_1.xpr
# Log file: G:/creeping lines/creeping_line1/project_1/vivado.log
# Journal file: G:/creeping lines/creeping_line1/project_1\vivado.jou
#-----------------------------------------------------------
start_gui
open_project {G:/creeping lines/creeping_line1/project_1/project_1.xpr}
INFO: [Project 1-313] Project file moved from 'C:/Users/toles/Desktop/creeping lines/creeping_line1/project_1' since last save.
Scanning sources...
Finished scanning sources
INFO: [IP_Flow 19-234] Refreshing IP repositories
INFO: [IP_Flow 19-1704] No user IP repositories specified
INFO: [IP_Flow 19-2313] Loaded Vivado IP repository 'C:/Xilinx/Vivado/2018.2/data/ip'.
open_project: Time (s): cpu = 00:00:21 ; elapsed = 00:00:16 . Memory (MB): peak = 704.688 ; gain = 55.406
update_compile_order -fileset sources_1
